[2023-08-03 00:21:50] [ INFO ] [Animal:33] 1 - Homero - perro
[2023-08-03 00:21:50] [ INFO ] [Animal:33] 2 - Uber - perro
[2023-08-03 00:21:50] [ INFO ] [Animal:33] 3 - Carlos - gato
[2023-08-03 00:21:50] [ INFO ] [Animal:33] 4 - Spike - conejo
[2023-08-03 00:21:50] [ INFO ] [Animal:33] 5 - Hana - gato
[2023-08-03 00:21:50] [ INFO ] [Animal:43] 2 - Uber - perro
[2023-08-03 00:21:50] [ INFO ] [Animal:43] 3 - Carlos - gato
[2023-08-03 00:21:50] [ INFO ] [Animal:43] 4 - Spike - conejo
[2023-08-03 00:21:50] [ INFO ] [Animal:43] 5 - Hana - gato
[2023-08-03 00:22:23] [ INFO ] [Animal:33] 1 - Homero - perro
[2023-08-03 00:22:23] [ INFO ] [Animal:33] 2 - Uber - perro
[2023-08-03 00:22:23] [ INFO ] [Animal:33] 3 - Carlos - gato
[2023-08-03 00:22:23] [ INFO ] [Animal:33] 4 - Spike - conejo
[2023-08-03 00:22:23] [ INFO ] [Animal:33] 5 - Hana - gato
[2023-08-03 00:22:23] [ INFO ] [Animal:38] -----------------------------------------------------------
[2023-08-03 00:22:23] [ INFO ] [Animal:44] 2 - Uber - perro
[2023-08-03 00:22:23] [ INFO ] [Animal:44] 3 - Carlos - gato
[2023-08-03 00:22:23] [ INFO ] [Animal:44] 4 - Spike - conejo
[2023-08-03 00:22:23] [ INFO ] [Animal:44] 5 - Hana - gato
[2023-08-07 20:56:46] [ ERROR] [Animal:49] Unsupported database file version or invalid file header in file "C:/Users/maria.murga/c4clase8.mv.db" [90048-220]
[2023-08-07 20:56:46] [ ERROR] [Animal:54] Cannot invoke "java.sql.Connection.close()" because "connection" is null
